<?xml version="1.0" encoding="UTF-8"?>
<!-- Generated by org.testng.reporters.JUnitReportReporter -->
<testsuite hostname="LAPTOP-0TU0Q7TP" failures="0" tests="1" name="testCase.TestPendingLeaveRequest" time="0.012" errors="0" timestamp="15 Dec 2020 08:17:32 GMT" skipped="0">
  <testcase classname="testCase.TestPendingLeaveRequest" name="verifyPendingLeave" time="0.012"/>
</testsuite> <!-- testCase.TestPendingLeaveRequest -->
