<?xml version="1.0" encoding="UTF-8"?>
<!-- Generated by org.testng.reporters.JUnitReportReporter -->
<testsuite hostname="LAPTOP-0TU0Q7TP" failures="0" tests="1" name="testCase.TestUserRole" time="5.123" errors="0" timestamp="02 Apr 2021 12:46:43 GMT" skipped="0">
  <testcase classname="testCase.TestUserRole" name="doExecute" time="5.123"/>
</testsuite> <!-- testCase.TestUserRole -->
