<?xml version="1.0" encoding="UTF-8"?>
<!-- Generated by org.testng.reporters.JUnitReportReporter -->
<testsuite hostname="LAPTOP-0TU0Q7TP" failures="0" tests="1" name="phpTravelsLogin.LoginCheck" time="11.642" errors="0" timestamp="03 Dec 2020 10:10:16 GMT" skipped="0">
  <testcase classname="phpTravelsLogin.LoginCheck" name="loginCheck" time="11.642"/>
</testsuite> <!-- phpTravelsLogin.LoginCheck -->
