<?xml version="1.0" encoding="UTF-8"?>
<!-- Generated by org.testng.reporters.JUnitReportReporter -->
<testsuite hostname="LAPTOP-0TU0Q7TP" failures="0" tests="4" name="loginCheck.LoginWithUserAndPassword" time="37.757" errors="0" timestamp="02 Dec 2020 14:55:07 GMT" skipped="0">
  <testcase classname="loginCheck.LoginWithUserAndPassword" name="loginWithCorrectCredential" time="12.431"/>
  <testcase classname="loginCheck.LoginWithUserAndPassword" name="loginWithCorrectCredential" time="8.494"/>
  <testcase classname="loginCheck.LoginWithUserAndPassword" name="loginWithCorrectCredential" time="8.209"/>
  <testcase classname="loginCheck.LoginWithUserAndPassword" name="loginWithCorrectCredential" time="8.623"/>
</testsuite> <!-- loginCheck.LoginWithUserAndPassword -->
