<?xml version="1.0" encoding="UTF-8"?>
<!-- Generated by org.testng.reporters.JUnitReportReporter -->
<testsuite hostname="LAPTOP-0TU0Q7TP" failures="0" tests="1" name="loginCheck.CorrectUserName" time="10.146" errors="0" timestamp="02 Dec 2020 12:05:21 GMT" skipped="0">
  <testcase classname="loginCheck.CorrectUserName" name="loginWithCorrectUserName" time="10.146"/>
</testsuite> <!-- loginCheck.CorrectUserName -->
