<?xml version="1.0" encoding="UTF-8"?>
<!-- Generated by org.testng.reporters.JUnitReportReporter -->
<testsuite hostname="LAPTOP-0TU0Q7TP" failures="0" tests="1" name="loginCheck.BothIncorrect" time="9.617" errors="0" timestamp="02 Dec 2020 12:05:21 GMT" skipped="0">
  <testcase classname="loginCheck.BothIncorrect" name="loginWithInCorrectCredential" time="9.617"/>
</testsuite> <!-- loginCheck.BothIncorrect -->
